<?xml version="1.0" encoding="UTF-8"?>
<!-- Generated by org.testng.reporters.JUnitReportReporter -->
<testsuite hostname="mallavsn" failures="0" tests="1" name="javasamplestest.TestAddNumbers" time="0.011" errors="0" timestamp="2023-07-12T00:08:27 IST" skipped="0">
  <testcase classname="javasamplestest.TestAddNumbers" name="Test1AddNumbers" time="0.011"/>
  <system-out/>
</testsuite> <!-- javasamplestest.TestAddNumbers -->
