<?xml version="1.0" encoding="UTF-8"?>
<!-- Generated by org.testng.reporters.JUnitReportReporter -->
<testsuite hostname="mallavsn" failures="0" tests="3" name="javasamplestest.TestCalculateMax" time="0.003" errors="0" timestamp="2023-07-12T00:08:27 IST" skipped="0">
  <testcase classname="javasamplestest.TestCalculateMax" name="Test3" time="0.001"/>
  <system-out/>
  <testcase classname="javasamplestest.TestCalculateMax" name="Test2" time="0.001"/>
  <system-out/>
  <testcase classname="javasamplestest.TestCalculateMax" name="Test1" time="0.001"/>
  <system-out/>
</testsuite> <!-- javasamplestest.TestCalculateMax -->
