<?xml version="1.0" encoding="UTF-8"?>
<!-- Generated by org.testng.reporters.JUnitReportReporter -->
<testsuite hostname="mallavsn" failures="0" tests="1" name="restassuredtests.HttpRequests" time="1.714" errors="0" timestamp="2023-06-20T11:45:38 IST" skipped="0">
  <testcase classname="restassuredtests.HttpRequests" name="getUser" time="1.714"/>
  <system-out/>
</testsuite> <!-- restassuredtests.HttpRequests -->
