<?xml version="1.0" encoding="UTF-8"?>
<!-- Generated by org.testng.reporters.JUnitReportReporter -->
<testsuite hostname="mallavsn" failures="0" tests="2" name="javasamplestest.TestSwapTwoNumbers" time="0.002" errors="0" timestamp="2023-07-12T00:08:27 IST" skipped="0">
  <testcase classname="javasamplestest.TestSwapTwoNumbers" name="Test1" time="0.001"/>
  <system-out/>
  <testcase classname="javasamplestest.TestSwapTwoNumbers" name="Test2" time="0.001"/>
  <system-out/>
</testsuite> <!-- javasamplestest.TestSwapTwoNumbers -->
