<?xml version="1.0" encoding="UTF-8"?>
<!-- Generated by org.testng.reporters.JUnitReportReporter -->
<testsuite hostname="mallavsn" failures="0" tests="1" name="javasamplestest.TestSubtractNumbers" time="0.002" errors="0" timestamp="2023-07-12T00:08:27 IST" skipped="0">
  <testcase classname="javasamplestest.TestSubtractNumbers" name="Test1SubtractNumbers" time="0.002"/>
  <system-out/>
</testsuite> <!-- javasamplestest.TestSubtractNumbers -->
